<?xml version="1.0" encoding="UTF-8"?>
<coverage generated="1638894284970" clover="3.2.0">
  <project timestamp="1638894284971" name="All files">
    <metrics statements="10" coveredstatements="10" conditionals="4" coveredconditionals="4" methods="7" coveredmethods="7" elements="21" coveredelements="21" complexity="0" loc="10" ncloc="10" packages="1" files="1" classes="1"/>
    <file name="main.js" path="C:\Users\R\Desktop\Microverse\module 2\projects\unitTestingInJs\main.js">
      <metrics statements="10" coveredstatements="10" conditionals="4" coveredconditionals="4" methods="7" coveredmethods="7"/>
      <line num="2" count="3" type="cond" truecount="4" falsecount="0"/>
      <line num="3" count="1" type="stmt"/>
      <line num="7" count="1" type="stmt"/>
      <line num="8" count="1" type="stmt"/>
      <line num="12" count="1" type="stmt"/>
      <line num="13" count="1" type="stmt"/>
      <line num="14" count="1" type="stmt"/>
      <line num="15" count="1" type="stmt"/>
      <line num="18" count="1" type="stmt"/>
      <line num="20" count="1" type="stmt"/>
    </file>
  </project>
</coverage>
