{"C:\\Users\\R\\Desktop\\Microverse\\module 2\\projects\\unitTestingInJs\\main.js": {"path":"C:\\Users\\R\\Desktop\\Microverse\\module 2\\projects\\unitTestingInJs\\main.js","statementMap":{"0":{"start":{"line":2,"column":2},"end":{"line":2,"column":134}},"1":{"start":{"line":2,"column":46},"end":{"line":2,"column":134}},"2":{"start":{"line":3,"column":2},"end":{"line":3,"column":22}},"3":{"start":{"line":7,"column":16},"end":{"line":7,"column":51}},"4":{"start":{"line":8,"column":2},"end":{"line":8,"column":16}},"5":{"start":{"line":12,"column":15},"end":{"line":12,"column":29}},"6":{"start":{"line":12,"column":24},"end":{"line":12,"column":29}},"7":{"start":{"line":13,"column":20},"end":{"line":13,"column":35}},"8":{"start":{"line":13,"column":30},"end":{"line":13,"column":35}},"9":{"start":{"line":14,"column":18},"end":{"line":14,"column":32}},"10":{"start":{"line":14,"column":27},"end":{"line":14,"column":32}},"11":{"start":{"line":15,"column":20},"end":{"line":15,"column":34}},"12":{"start":{"line":15,"column":29},"end":{"line":15,"column":34}},"13":{"start":{"line":18,"column":19},"end":{"line":18,"column":79}},"14":{"start":{"line":18,"column":31},"end":{"line":18,"column":79}},"15":{"start":{"line":20,"column":0},"end":{"line":20,"column":71}}},"fnMap":{"0":{"name":"stringLength","decl":{"start":{"line":1,"column":9},"end":{"line":1,"column":21}},"loc":{"start":{"line":1,"column":30},"end":{"line":4,"column":1}},"line":1},"1":{"name":"reverseString","decl":{"start":{"line":6,"column":9},"end":{"line":6,"column":22}},"loc":{"start":{"line":6,"column":31},"end":{"line":9,"column":1}},"line":6},"2":{"name":"(anonymous_2)","decl":{"start":{"line":12,"column":15},"end":{"line":12,"column":16}},"loc":{"start":{"line":12,"column":24},"end":{"line":12,"column":29}},"line":12},"3":{"name":"(anonymous_3)","decl":{"start":{"line":13,"column":20},"end":{"line":13,"column":21}},"loc":{"start":{"line":13,"column":30},"end":{"line":13,"column":35}},"line":13},"4":{"name":"(anonymous_4)","decl":{"start":{"line":14,"column":18},"end":{"line":14,"column":19}},"loc":{"start":{"line":14,"column":27},"end":{"line":14,"column":32}},"line":14},"5":{"name":"(anonymous_5)","decl":{"start":{"line":15,"column":20},"end":{"line":15,"column":21}},"loc":{"start":{"line":15,"column":29},"end":{"line":15,"column":34}},"line":15},"6":{"name":"(anonymous_6)","decl":{"start":{"line":18,"column":19},"end":{"line":18,"column":20}},"loc":{"start":{"line":18,"column":31},"end":{"line":18,"column":79}},"line":18}},"branchMap":{"0":{"loc":{"start":{"line":2,"column":2},"end":{"line":2,"column":134}},"type":"if","locations":[{"start":{"line":2,"column":2},"end":{"line":2,"column":134}},{"start":{},"end":{}}],"line":2},"1":{"loc":{"start":{"line":2,"column":5},"end":{"line":2,"column":44}},"type":"binary-expr","locations":[{"start":{"line":2,"column":5},"end":{"line":2,"column":22}},{"start":{"line":2,"column":26},"end":{"line":2,"column":44}}],"line":2}},"s":{"0":3,"1":2,"2":1,"3":1,"4":1,"5":1,"6":1,"7":1,"8":1,"9":1,"10":1,"11":1,"12":1,"13":1,"14":1,"15":1},"f":{"0":3,"1":1,"2":1,"3":1,"4":1,"5":1,"6":1},"b":{"0":[2,1],"1":[3,2]},"_coverageSchema":"1a1c01bbd47fc00a2c39e90264f33305004495a9","hash":"0849fec55adf343654ef3d63adb99f53e9beab52"}
}
